Determining if the include file malloc/malloc.h exists failed with the following output:
Change Dir: /root/apple-libtapi/build/CMakeFiles/CMakeTmp

Run Build Command(s):/usr/bin/gmake cmTC_092a5/fast && /usr/bin/gmake  -f CMakeFiles/cmTC_092a5.dir/build.make CMakeFiles/cmTC_092a5.dir/build
gmake[1]: Entering directory '/root/apple-libtapi/build/CMakeFiles/CMakeTmp'
Building C object CMakeFiles/cmTC_092a5.dir/CheckIncludeFile.c.o
/usr/bin/cc    -o CMakeFiles/cmTC_092a5.dir/CheckIncludeFile.c.o -c /root/apple-libtapi/build/CMakeFiles/CMakeTmp/CheckIncludeFile.c
/root/apple-libtapi/build/CMakeFiles/CMakeTmp/CheckIncludeFile.c:1:10: fatal error: malloc/malloc.h: No such file or directory
    1 | #include <malloc/malloc.h>
      |          ^~~~~~~~~~~~~~~~~
compilation terminated.
gmake[1]: *** [CMakeFiles/cmTC_092a5.dir/build.make:85: CMakeFiles/cmTC_092a5.dir/CheckIncludeFile.c.o] Error 1
gmake[1]: Leaving directory '/root/apple-libtapi/build/CMakeFiles/CMakeTmp'
gmake: *** [Makefile:140: cmTC_092a5/fast] Error 2



Determining if the include file valgrind/valgrind.h exists failed with the following output:
Change Dir: /root/apple-libtapi/build/CMakeFiles/CMakeTmp

Run Build Command(s):/usr/bin/gmake cmTC_2b489/fast && /usr/bin/gmake  -f CMakeFiles/cmTC_2b489.dir/build.make CMakeFiles/cmTC_2b489.dir/build
gmake[1]: Entering directory '/root/apple-libtapi/build/CMakeFiles/CMakeTmp'
Building C object CMakeFiles/cmTC_2b489.dir/CheckIncludeFile.c.o
/usr/bin/cc    -o CMakeFiles/cmTC_2b489.dir/CheckIncludeFile.c.o -c /root/apple-libtapi/build/CMakeFiles/CMakeTmp/CheckIncludeFile.c
/root/apple-libtapi/build/CMakeFiles/CMakeTmp/CheckIncludeFile.c:1:10: fatal error: valgrind/valgrind.h: No such file or directory
    1 | #include <valgrind/valgrind.h>
      |          ^~~~~~~~~~~~~~~~~~~~~
compilation terminated.
gmake[1]: *** [CMakeFiles/cmTC_2b489.dir/build.make:85: CMakeFiles/cmTC_2b489.dir/CheckIncludeFile.c.o] Error 1
gmake[1]: Leaving directory '/root/apple-libtapi/build/CMakeFiles/CMakeTmp'
gmake: *** [Makefile:140: cmTC_2b489/fast] Error 2



Determining if the include file mach/mach.h exists failed with the following output:
Change Dir: /root/apple-libtapi/build/CMakeFiles/CMakeTmp

Run Build Command(s):/usr/bin/gmake cmTC_c322b/fast && /usr/bin/gmake  -f CMakeFiles/cmTC_c322b.dir/build.make CMakeFiles/cmTC_c322b.dir/build
gmake[1]: Entering directory '/root/apple-libtapi/build/CMakeFiles/CMakeTmp'
Building C object CMakeFiles/cmTC_c322b.dir/CheckIncludeFile.c.o
/usr/bin/cc    -o CMakeFiles/cmTC_c322b.dir/CheckIncludeFile.c.o -c /root/apple-libtapi/build/CMakeFiles/CMakeTmp/CheckIncludeFile.c
/root/apple-libtapi/build/CMakeFiles/CMakeTmp/CheckIncludeFile.c:1:10: fatal error: mach/mach.h: No such file or directory
    1 | #include <mach/mach.h>
      |          ^~~~~~~~~~~~~
compilation terminated.
gmake[1]: *** [CMakeFiles/cmTC_c322b.dir/build.make:85: CMakeFiles/cmTC_c322b.dir/CheckIncludeFile.c.o] Error 1
gmake[1]: Leaving directory '/root/apple-libtapi/build/CMakeFiles/CMakeTmp'
gmake: *** [Makefile:140: cmTC_c322b/fast] Error 2



Determining if the include file histedit.h exists failed with the following output:
Change Dir: /root/apple-libtapi/build/CMakeFiles/CMakeTmp

Run Build Command(s):/usr/bin/gmake cmTC_ff4e1/fast && /usr/bin/gmake  -f CMakeFiles/cmTC_ff4e1.dir/build.make CMakeFiles/cmTC_ff4e1.dir/build
gmake[1]: Entering directory '/root/apple-libtapi/build/CMakeFiles/CMakeTmp'
Building C object CMakeFiles/cmTC_ff4e1.dir/CheckIncludeFile.c.o
/usr/bin/cc    -o CMakeFiles/cmTC_ff4e1.dir/CheckIncludeFile.c.o -c /root/apple-libtapi/build/CMakeFiles/CMakeTmp/CheckIncludeFile.c
/root/apple-libtapi/build/CMakeFiles/CMakeTmp/CheckIncludeFile.c:1:10: fatal error: histedit.h: No such file or directory
    1 | #include <histedit.h>
      |          ^~~~~~~~~~~~
compilation terminated.
gmake[1]: *** [CMakeFiles/cmTC_ff4e1.dir/build.make:85: CMakeFiles/cmTC_ff4e1.dir/CheckIncludeFile.c.o] Error 1
gmake[1]: Leaving directory '/root/apple-libtapi/build/CMakeFiles/CMakeTmp'
gmake: *** [Makefile:140: cmTC_ff4e1/fast] Error 2



Determining if the include file CrashReporterClient.h exists failed with the following output:
Change Dir: /root/apple-libtapi/build/CMakeFiles/CMakeTmp

Run Build Command(s):/usr/bin/gmake cmTC_1a2ca/fast && /usr/bin/gmake  -f CMakeFiles/cmTC_1a2ca.dir/build.make CMakeFiles/cmTC_1a2ca.dir/build
gmake[1]: Entering directory '/root/apple-libtapi/build/CMakeFiles/CMakeTmp'
Building C object CMakeFiles/cmTC_1a2ca.dir/CheckIncludeFile.c.o
/usr/bin/cc    -o CMakeFiles/cmTC_1a2ca.dir/CheckIncludeFile.c.o -c /root/apple-libtapi/build/CMakeFiles/CMakeTmp/CheckIncludeFile.c
/root/apple-libtapi/build/CMakeFiles/CMakeTmp/CheckIncludeFile.c:1:10: fatal error: CrashReporterClient.h: No such file or directory
    1 | #include <CrashReporterClient.h>
      |          ^~~~~~~~~~~~~~~~~~~~~~~
compilation terminated.
gmake[1]: *** [CMakeFiles/cmTC_1a2ca.dir/build.make:85: CMakeFiles/cmTC_1a2ca.dir/CheckIncludeFile.c.o] Error 1
gmake[1]: Leaving directory '/root/apple-libtapi/build/CMakeFiles/CMakeTmp'
gmake: *** [Makefile:140: cmTC_1a2ca/fast] Error 2



Determining if the function pfm_initialize exists in the pfm failed with the following output:
Change Dir: /root/apple-libtapi/build/CMakeFiles/CMakeTmp

Run Build Command(s):/usr/bin/gmake cmTC_0810a/fast && /usr/bin/gmake  -f CMakeFiles/cmTC_0810a.dir/build.make CMakeFiles/cmTC_0810a.dir/build
gmake[1]: Entering directory '/root/apple-libtapi/build/CMakeFiles/CMakeTmp'
Building C object CMakeFiles/cmTC_0810a.dir/CheckFunctionExists.c.o
/usr/bin/cc   -DCHECK_FUNCTION_EXISTS=pfm_initialize -o CMakeFiles/cmTC_0810a.dir/CheckFunctionExists.c.o -c /usr/share/cmake-3.18/Modules/CheckFunctionExists.c
Linking C executable cmTC_0810a
/usr/bin/cmake -E cmake_link_script CMakeFiles/cmTC_0810a.dir/link.txt --verbose=1
/usr/bin/cc  -DCHECK_FUNCTION_EXISTS=pfm_initialize CMakeFiles/cmTC_0810a.dir/CheckFunctionExists.c.o -o cmTC_0810a  -lpfm -lm 
/usr/bin/ld: cannot find -lpfm
collect2: error: ld returned 1 exit status
gmake[1]: *** [CMakeFiles/cmTC_0810a.dir/build.make:106: cmTC_0810a] Error 1
gmake[1]: Leaving directory '/root/apple-libtapi/build/CMakeFiles/CMakeTmp'
gmake: *** [Makefile:140: cmTC_0810a/fast] Error 2



Performing C SOURCE FILE Test CMAKE_HAVE_LIBC_PTHREAD failed with the following output:
Change Dir: /root/apple-libtapi/build/CMakeFiles/CMakeTmp

Run Build Command(s):/usr/bin/gmake cmTC_8f6ee/fast && /usr/bin/gmake  -f CMakeFiles/cmTC_8f6ee.dir/build.make CMakeFiles/cmTC_8f6ee.dir/build
gmake[1]: Entering directory '/root/apple-libtapi/build/CMakeFiles/CMakeTmp'
Building C object CMakeFiles/cmTC_8f6ee.dir/src.c.o
/usr/bin/cc   -DCMAKE_HAVE_LIBC_PTHREAD -o CMakeFiles/cmTC_8f6ee.dir/src.c.o -c /root/apple-libtapi/build/CMakeFiles/CMakeTmp/src.c
Linking C executable cmTC_8f6ee
/usr/bin/cmake -E cmake_link_script CMakeFiles/cmTC_8f6ee.dir/link.txt --verbose=1
/usr/bin/cc  -DCMAKE_HAVE_LIBC_PTHREAD CMakeFiles/cmTC_8f6ee.dir/src.c.o -o cmTC_8f6ee  -lm 
/usr/bin/ld: CMakeFiles/cmTC_8f6ee.dir/src.c.o: in function `main':
src.c:(.text+0x2f): undefined reference to `pthread_create'
/usr/bin/ld: src.c:(.text+0x3b): undefined reference to `pthread_detach'
/usr/bin/ld: src.c:(.text+0x47): undefined reference to `pthread_cancel'
/usr/bin/ld: src.c:(.text+0x58): undefined reference to `pthread_join'
collect2: error: ld returned 1 exit status
gmake[1]: *** [CMakeFiles/cmTC_8f6ee.dir/build.make:106: cmTC_8f6ee] Error 1
gmake[1]: Leaving directory '/root/apple-libtapi/build/CMakeFiles/CMakeTmp'
gmake: *** [Makefile:140: cmTC_8f6ee/fast] Error 2


Source file was:
#include <pthread.h>

void* test_func(void* data)
{
  return data;
}

int main(void)
{
  pthread_t thread;
  pthread_create(&thread, NULL, test_func, NULL);
  pthread_detach(thread);
  pthread_cancel(thread);
  pthread_join(thread, NULL);
  pthread_atfork(NULL, NULL, NULL);
  pthread_exit(NULL);

  return 0;
}

Determining if the function pthread_create exists in the pthreads failed with the following output:
Change Dir: /root/apple-libtapi/build/CMakeFiles/CMakeTmp

Run Build Command(s):/usr/bin/gmake cmTC_791ff/fast && /usr/bin/gmake  -f CMakeFiles/cmTC_791ff.dir/build.make CMakeFiles/cmTC_791ff.dir/build
gmake[1]: Entering directory '/root/apple-libtapi/build/CMakeFiles/CMakeTmp'
Building C object CMakeFiles/cmTC_791ff.dir/CheckFunctionExists.c.o
/usr/bin/cc   -DCHECK_FUNCTION_EXISTS=pthread_create -o CMakeFiles/cmTC_791ff.dir/CheckFunctionExists.c.o -c /usr/share/cmake-3.18/Modules/CheckFunctionExists.c
Linking C executable cmTC_791ff
/usr/bin/cmake -E cmake_link_script CMakeFiles/cmTC_791ff.dir/link.txt --verbose=1
/usr/bin/cc  -DCHECK_FUNCTION_EXISTS=pthread_create CMakeFiles/cmTC_791ff.dir/CheckFunctionExists.c.o -o cmTC_791ff  -lpthreads -lm 
/usr/bin/ld: cannot find -lpthreads
collect2: error: ld returned 1 exit status
gmake[1]: *** [CMakeFiles/cmTC_791ff.dir/build.make:106: cmTC_791ff] Error 1
gmake[1]: Leaving directory '/root/apple-libtapi/build/CMakeFiles/CMakeTmp'
gmake: *** [Makefile:140: cmTC_791ff/fast] Error 2



Determining if the function setupterm exists in the terminfo failed with the following output:
Change Dir: /root/apple-libtapi/build/CMakeFiles/CMakeTmp

Run Build Command(s):/usr/bin/gmake cmTC_87584/fast && /usr/bin/gmake  -f CMakeFiles/cmTC_87584.dir/build.make CMakeFiles/cmTC_87584.dir/build
gmake[1]: Entering directory '/root/apple-libtapi/build/CMakeFiles/CMakeTmp'
Building C object CMakeFiles/cmTC_87584.dir/CheckFunctionExists.c.o
/usr/bin/cc   -DCHECK_FUNCTION_EXISTS=setupterm -o CMakeFiles/cmTC_87584.dir/CheckFunctionExists.c.o -c /usr/share/cmake-3.18/Modules/CheckFunctionExists.c
Linking C executable cmTC_87584
/usr/bin/cmake -E cmake_link_script CMakeFiles/cmTC_87584.dir/link.txt --verbose=1
/usr/bin/cc  -DCHECK_FUNCTION_EXISTS=setupterm CMakeFiles/cmTC_87584.dir/CheckFunctionExists.c.o -o cmTC_87584  -lterminfo -lm 
/usr/bin/ld: cannot find -lterminfo
collect2: error: ld returned 1 exit status
gmake[1]: *** [CMakeFiles/cmTC_87584.dir/build.make:106: cmTC_87584] Error 1
gmake[1]: Leaving directory '/root/apple-libtapi/build/CMakeFiles/CMakeTmp'
gmake: *** [Makefile:140: cmTC_87584/fast] Error 2



Determining if the function xar_open exists in the xar failed with the following output:
Change Dir: /root/apple-libtapi/build/CMakeFiles/CMakeTmp

Run Build Command(s):/usr/bin/gmake cmTC_8c5e5/fast && /usr/bin/gmake  -f CMakeFiles/cmTC_8c5e5.dir/build.make CMakeFiles/cmTC_8c5e5.dir/build
gmake[1]: Entering directory '/root/apple-libtapi/build/CMakeFiles/CMakeTmp'
Building C object CMakeFiles/cmTC_8c5e5.dir/CheckFunctionExists.c.o
/usr/bin/cc   -DCHECK_FUNCTION_EXISTS=xar_open -o CMakeFiles/cmTC_8c5e5.dir/CheckFunctionExists.c.o -c /usr/share/cmake-3.18/Modules/CheckFunctionExists.c
Linking C executable cmTC_8c5e5
/usr/bin/cmake -E cmake_link_script CMakeFiles/cmTC_8c5e5.dir/link.txt --verbose=1
/usr/bin/cc  -DCHECK_FUNCTION_EXISTS=xar_open CMakeFiles/cmTC_8c5e5.dir/CheckFunctionExists.c.o -o cmTC_8c5e5  -lxar -lm 
/usr/bin/ld: cannot find -lxar
collect2: error: ld returned 1 exit status
gmake[1]: *** [CMakeFiles/cmTC_8c5e5.dir/build.make:106: cmTC_8c5e5] Error 1
gmake[1]: Leaving directory '/root/apple-libtapi/build/CMakeFiles/CMakeTmp'
gmake: *** [Makefile:140: cmTC_8c5e5/fast] Error 2



Determining if the arc4random exist failed with the following output:
Change Dir: /root/apple-libtapi/build/CMakeFiles/CMakeTmp

Run Build Command(s):/usr/bin/gmake cmTC_ca2dd/fast && /usr/bin/gmake  -f CMakeFiles/cmTC_ca2dd.dir/build.make CMakeFiles/cmTC_ca2dd.dir/build
gmake[1]: Entering directory '/root/apple-libtapi/build/CMakeFiles/CMakeTmp'
Building C object CMakeFiles/cmTC_ca2dd.dir/CheckSymbolExists.c.o
/usr/bin/cc    -o CMakeFiles/cmTC_ca2dd.dir/CheckSymbolExists.c.o -c /root/apple-libtapi/build/CMakeFiles/CMakeTmp/CheckSymbolExists.c
/root/apple-libtapi/build/CMakeFiles/CMakeTmp/CheckSymbolExists.c: In function ‘main’:
/root/apple-libtapi/build/CMakeFiles/CMakeTmp/CheckSymbolExists.c:8:19: error: ‘arc4random’ undeclared (first use in this function); did you mean ‘srandom’?
    8 |   return ((int*)(&arc4random))[argc];
      |                   ^~~~~~~~~~
      |                   srandom
/root/apple-libtapi/build/CMakeFiles/CMakeTmp/CheckSymbolExists.c:8:19: note: each undeclared identifier is reported only once for each function it appears in
gmake[1]: *** [CMakeFiles/cmTC_ca2dd.dir/build.make:85: CMakeFiles/cmTC_ca2dd.dir/CheckSymbolExists.c.o] Error 1
gmake[1]: Leaving directory '/root/apple-libtapi/build/CMakeFiles/CMakeTmp'
gmake: *** [Makefile:140: cmTC_ca2dd/fast] Error 2


File /root/apple-libtapi/build/CMakeFiles/CMakeTmp/CheckSymbolExists.c:
/* */
#include <stdlib.h>

int main(int argc, char** argv)
{
  (void)argv;
#ifndef arc4random
  return ((int*)(&arc4random))[argc];
#else
  (void)argc;
  return 0;
#endif
}
Performing C SOURCE FILE Test C_SUPPORTS_WERROR_UNGUARDED_AVAILABILITY_NEW failed with the following output:
Change Dir: /root/apple-libtapi/build/CMakeFiles/CMakeTmp

Run Build Command(s):/usr/bin/gmake cmTC_b1c69/fast && /usr/bin/gmake  -f CMakeFiles/cmTC_b1c69.dir/build.make CMakeFiles/cmTC_b1c69.dir/build
gmake[1]: Entering directory '/root/apple-libtapi/build/CMakeFiles/CMakeTmp'
Building C object CMakeFiles/cmTC_b1c69.dir/src.c.o
/usr/bin/cc   -DC_SUPPORTS_WERROR_UNGUARDED_AVAILABILITY_NEW   -Werror=unguarded-availability-new -o CMakeFiles/cmTC_b1c69.dir/src.c.o -c /root/apple-libtapi/build/CMakeFiles/CMakeTmp/src.c
cc1: error: '-Werror=unguarded-availability-new': no option '-Wunguarded-availability-new'
gmake[1]: *** [CMakeFiles/cmTC_b1c69.dir/build.make:85: CMakeFiles/cmTC_b1c69.dir/src.c.o] Error 1
gmake[1]: Leaving directory '/root/apple-libtapi/build/CMakeFiles/CMakeTmp'
gmake: *** [Makefile:140: cmTC_b1c69/fast] Error 2


Source file was:
int main(void) { return 0; }
Determining if the mallctl exist failed with the following output:
Change Dir: /root/apple-libtapi/build/CMakeFiles/CMakeTmp

Run Build Command(s):/usr/bin/gmake cmTC_cdd0e/fast && /usr/bin/gmake  -f CMakeFiles/cmTC_cdd0e.dir/build.make CMakeFiles/cmTC_cdd0e.dir/build
gmake[1]: Entering directory '/root/apple-libtapi/build/CMakeFiles/CMakeTmp'
Building C object CMakeFiles/cmTC_cdd0e.dir/CheckSymbolExists.c.o
/usr/bin/cc    -o CMakeFiles/cmTC_cdd0e.dir/CheckSymbolExists.c.o -c /root/apple-libtapi/build/CMakeFiles/CMakeTmp/CheckSymbolExists.c
/root/apple-libtapi/build/CMakeFiles/CMakeTmp/CheckSymbolExists.c:2:10: fatal error: malloc_np.h: No such file or directory
    2 | #include <malloc_np.h>
      |          ^~~~~~~~~~~~~
compilation terminated.
gmake[1]: *** [CMakeFiles/cmTC_cdd0e.dir/build.make:85: CMakeFiles/cmTC_cdd0e.dir/CheckSymbolExists.c.o] Error 1
gmake[1]: Leaving directory '/root/apple-libtapi/build/CMakeFiles/CMakeTmp'
gmake: *** [Makefile:140: cmTC_cdd0e/fast] Error 2


File /root/apple-libtapi/build/CMakeFiles/CMakeTmp/CheckSymbolExists.c:
/* */
#include <malloc_np.h>

int main(int argc, char** argv)
{
  (void)argv;
#ifndef mallctl
  return ((int*)(&mallctl))[argc];
#else
  (void)argc;
  return 0;
#endif
}
Determining if the malloc_zone_statistics exist failed with the following output:
Change Dir: /root/apple-libtapi/build/CMakeFiles/CMakeTmp

Run Build Command(s):/usr/bin/gmake cmTC_a5f91/fast && /usr/bin/gmake  -f CMakeFiles/cmTC_a5f91.dir/build.make CMakeFiles/cmTC_a5f91.dir/build
gmake[1]: Entering directory '/root/apple-libtapi/build/CMakeFiles/CMakeTmp'
Building C object CMakeFiles/cmTC_a5f91.dir/CheckSymbolExists.c.o
/usr/bin/cc    -o CMakeFiles/cmTC_a5f91.dir/CheckSymbolExists.c.o -c /root/apple-libtapi/build/CMakeFiles/CMakeTmp/CheckSymbolExists.c
/root/apple-libtapi/build/CMakeFiles/CMakeTmp/CheckSymbolExists.c:2:10: fatal error: malloc/malloc.h: No such file or directory
    2 | #include <malloc/malloc.h>
      |          ^~~~~~~~~~~~~~~~~
compilation terminated.
gmake[1]: *** [CMakeFiles/cmTC_a5f91.dir/build.make:85: CMakeFiles/cmTC_a5f91.dir/CheckSymbolExists.c.o] Error 1
gmake[1]: Leaving directory '/root/apple-libtapi/build/CMakeFiles/CMakeTmp'
gmake: *** [Makefile:140: cmTC_a5f91/fast] Error 2


File /root/apple-libtapi/build/CMakeFiles/CMakeTmp/CheckSymbolExists.c:
/* */
#include <malloc/malloc.h>

int main(int argc, char** argv)
{
  (void)argv;
#ifndef malloc_zone_statistics
  return ((int*)(&malloc_zone_statistics))[argc];
#else
  (void)argc;
  return 0;
#endif
}
Determining if the strerror_s exist failed with the following output:
Change Dir: /root/apple-libtapi/build/CMakeFiles/CMakeTmp

Run Build Command(s):/usr/bin/gmake cmTC_1e22f/fast && /usr/bin/gmake  -f CMakeFiles/cmTC_1e22f.dir/build.make CMakeFiles/cmTC_1e22f.dir/build
gmake[1]: Entering directory '/root/apple-libtapi/build/CMakeFiles/CMakeTmp'
Building C object CMakeFiles/cmTC_1e22f.dir/CheckSymbolExists.c.o
/usr/bin/cc    -o CMakeFiles/cmTC_1e22f.dir/CheckSymbolExists.c.o -c /root/apple-libtapi/build/CMakeFiles/CMakeTmp/CheckSymbolExists.c
/root/apple-libtapi/build/CMakeFiles/CMakeTmp/CheckSymbolExists.c: In function ‘main’:
/root/apple-libtapi/build/CMakeFiles/CMakeTmp/CheckSymbolExists.c:8:19: error: ‘strerror_s’ undeclared (first use in this function); did you mean ‘strerror_l’?
    8 |   return ((int*)(&strerror_s))[argc];
      |                   ^~~~~~~~~~
      |                   strerror_l
/root/apple-libtapi/build/CMakeFiles/CMakeTmp/CheckSymbolExists.c:8:19: note: each undeclared identifier is reported only once for each function it appears in
gmake[1]: *** [CMakeFiles/cmTC_1e22f.dir/build.make:85: CMakeFiles/cmTC_1e22f.dir/CheckSymbolExists.c.o] Error 1
gmake[1]: Leaving directory '/root/apple-libtapi/build/CMakeFiles/CMakeTmp'
gmake: *** [Makefile:140: cmTC_1e22f/fast] Error 2


File /root/apple-libtapi/build/CMakeFiles/CMakeTmp/CheckSymbolExists.c:
/* */
#include <string.h>

int main(int argc, char** argv)
{
  (void)argv;
#ifndef strerror_s
  return ((int*)(&strerror_s))[argc];
#else
  (void)argc;
  return 0;
#endif
}
Determining if the dladdr exist failed with the following output:
Change Dir: /root/apple-libtapi/build/CMakeFiles/CMakeTmp

Run Build Command(s):/usr/bin/gmake cmTC_88834/fast && /usr/bin/gmake  -f CMakeFiles/cmTC_88834.dir/build.make CMakeFiles/cmTC_88834.dir/build
gmake[1]: Entering directory '/root/apple-libtapi/build/CMakeFiles/CMakeTmp'
Building C object CMakeFiles/cmTC_88834.dir/CheckSymbolExists.c.o
/usr/bin/cc    -o CMakeFiles/cmTC_88834.dir/CheckSymbolExists.c.o -c /root/apple-libtapi/build/CMakeFiles/CMakeTmp/CheckSymbolExists.c
/root/apple-libtapi/build/CMakeFiles/CMakeTmp/CheckSymbolExists.c: In function ‘main’:
/root/apple-libtapi/build/CMakeFiles/CMakeTmp/CheckSymbolExists.c:8:19: error: ‘dladdr’ undeclared (first use in this function)
    8 |   return ((int*)(&dladdr))[argc];
      |                   ^~~~~~
/root/apple-libtapi/build/CMakeFiles/CMakeTmp/CheckSymbolExists.c:8:19: note: each undeclared identifier is reported only once for each function it appears in
gmake[1]: *** [CMakeFiles/cmTC_88834.dir/build.make:85: CMakeFiles/cmTC_88834.dir/CheckSymbolExists.c.o] Error 1
gmake[1]: Leaving directory '/root/apple-libtapi/build/CMakeFiles/CMakeTmp'
gmake: *** [Makefile:140: cmTC_88834/fast] Error 2


File /root/apple-libtapi/build/CMakeFiles/CMakeTmp/CheckSymbolExists.c:
/* */
#include <dlfcn.h>

int main(int argc, char** argv)
{
  (void)argv;
#ifndef dladdr
  return ((int*)(&dladdr))[argc];
#else
  (void)argc;
  return 0;
#endif
}
Performing C SOURCE FILE Test HAVE_STRUCT_STAT_ST_MTIMESPEC_TV_NSEC failed with the following output:
Change Dir: /root/apple-libtapi/build/CMakeFiles/CMakeTmp

Run Build Command(s):/usr/bin/gmake cmTC_53758/fast && /usr/bin/gmake  -f CMakeFiles/cmTC_53758.dir/build.make CMakeFiles/cmTC_53758.dir/build
gmake[1]: Entering directory '/root/apple-libtapi/build/CMakeFiles/CMakeTmp'
Building C object CMakeFiles/cmTC_53758.dir/src.c.o
/usr/bin/cc   -DHAVE_STRUCT_STAT_ST_MTIMESPEC_TV_NSEC -o CMakeFiles/cmTC_53758.dir/src.c.o -c /root/apple-libtapi/build/CMakeFiles/CMakeTmp/src.c
/root/apple-libtapi/build/CMakeFiles/CMakeTmp/src.c: In function ‘main’:
/root/apple-libtapi/build/CMakeFiles/CMakeTmp/src.c:7:34: error: ‘struct stat’ has no member named ‘st_mtimespec’
    7 |   (void)sizeof(((struct stat *)0)->st_mtimespec.tv_nsec);
      |                                  ^~
gmake[1]: *** [CMakeFiles/cmTC_53758.dir/build.make:85: CMakeFiles/cmTC_53758.dir/src.c.o] Error 1
gmake[1]: Leaving directory '/root/apple-libtapi/build/CMakeFiles/CMakeTmp'
gmake: *** [Makefile:140: cmTC_53758/fast] Error 2


Source file was:

#include <sys/types.h>
#include <sys/stat.h>

int main()
{
  (void)sizeof(((struct stat *)0)->st_mtimespec.tv_nsec);
  return 0;
}

Performing C++ SOURCE FILE Test SUPPORTS_GNU_ZERO_VARIADIC_MACRO_ARGUMENTS_FLAG failed with the following output:
Change Dir: /root/apple-libtapi/build/CMakeFiles/CMakeTmp

Run Build Command(s):/usr/bin/gmake cmTC_9a63c/fast && /usr/bin/gmake  -f CMakeFiles/cmTC_9a63c.dir/build.make CMakeFiles/cmTC_9a63c.dir/build
gmake[1]: Entering directory '/root/apple-libtapi/build/CMakeFiles/CMakeTmp'
Building CXX object CMakeFiles/cmTC_9a63c.dir/src.cxx.o
/usr/bin/c++   -I /root/apple-libtapi/build/../src/llvm/projects/clang/include -I /root/apple-libtapi/build/projects/clang/include -DSUPPORTS_GNU_ZERO_VARIADIC_MACRO_ARGUMENTS_FLAG   -Wgnu-zero-variadic-macro-arguments -o CMakeFiles/cmTC_9a63c.dir/src.cxx.o -c /root/apple-libtapi/build/CMakeFiles/CMakeTmp/src.cxx
c++: error: unrecognized command-line option '-Wgnu-zero-variadic-macro-arguments'
gmake[1]: *** [CMakeFiles/cmTC_9a63c.dir/build.make:85: CMakeFiles/cmTC_9a63c.dir/src.cxx.o] Error 1
gmake[1]: Leaving directory '/root/apple-libtapi/build/CMakeFiles/CMakeTmp'
gmake: *** [Makefile:140: cmTC_9a63c/fast] Error 2


Source file was:
int main() { return 0; }
Performing C++ SOURCE FILE Test CXX_SUPPORTS_WERROR_UNGUARDED_AVAILABILITY_NEW failed with the following output:
Change Dir: /root/apple-libtapi/build/CMakeFiles/CMakeTmp

Run Build Command(s):/usr/bin/gmake cmTC_dc4d7/fast && /usr/bin/gmake  -f CMakeFiles/cmTC_dc4d7.dir/build.make CMakeFiles/cmTC_dc4d7.dir/build
gmake[1]: Entering directory '/root/apple-libtapi/build/CMakeFiles/CMakeTmp'
Building CXX object CMakeFiles/cmTC_dc4d7.dir/src.cxx.o
/usr/bin/c++   -I /root/apple-libtapi/build/../src/llvm/projects/clang/include -I /root/apple-libtapi/build/projects/clang/include -fPIC -fvisibility-inlines-hidden -Werror=date-time -DCXX_SUPPORTS_WERROR_UNGUARDED_AVAILABILITY_NEW   -Werror -Werror=unguarded-availability-new -o CMakeFiles/cmTC_dc4d7.dir/src.cxx.o -c /root/apple-libtapi/build/CMakeFiles/CMakeTmp/src.cxx
cc1plus: error: '-Werror=unguarded-availability-new': no option '-Wunguarded-availability-new'
gmake[1]: *** [CMakeFiles/cmTC_dc4d7.dir/build.make:85: CMakeFiles/cmTC_dc4d7.dir/src.cxx.o] Error 1
gmake[1]: Leaving directory '/root/apple-libtapi/build/CMakeFiles/CMakeTmp'
gmake: *** [Makefile:140: cmTC_dc4d7/fast] Error 2


Source file was:
int main() { return 0; }
Performing C SOURCE FILE Test C_SUPPORTS_COVERED_SWITCH_DEFAULT_FLAG failed with the following output:
Change Dir: /root/apple-libtapi/build/CMakeFiles/CMakeTmp

Run Build Command(s):/usr/bin/gmake cmTC_87759/fast && /usr/bin/gmake  -f CMakeFiles/cmTC_87759.dir/build.make CMakeFiles/cmTC_87759.dir/build
gmake[1]: Entering directory '/root/apple-libtapi/build/CMakeFiles/CMakeTmp'
Building C object CMakeFiles/cmTC_87759.dir/src.c.o
/usr/bin/cc   -fPIC -Werror=date-time -Wall -Wextra -Wno-unused-parameter -Wwrite-strings -Wno-missing-field-initializers -pedantic -Wno-long-long -Wimplicit-fallthrough -DC_SUPPORTS_COVERED_SWITCH_DEFAULT_FLAG   -Werror -Wcovered-switch-default -o CMakeFiles/cmTC_87759.dir/src.c.o -c /root/apple-libtapi/build/CMakeFiles/CMakeTmp/src.c
cc: error: unrecognized command-line option '-Wcovered-switch-default'; did you mean '-Wno-switch-default'?
gmake[1]: *** [CMakeFiles/cmTC_87759.dir/build.make:85: CMakeFiles/cmTC_87759.dir/src.c.o] Error 1
gmake[1]: Leaving directory '/root/apple-libtapi/build/CMakeFiles/CMakeTmp'
gmake: *** [Makefile:140: cmTC_87759/fast] Error 2


Source file was:
int main(void) { return 0; }
Performing C++ SOURCE FILE Test CXX_SUPPORTS_COVERED_SWITCH_DEFAULT_FLAG failed with the following output:
Change Dir: /root/apple-libtapi/build/CMakeFiles/CMakeTmp

Run Build Command(s):/usr/bin/gmake cmTC_3b841/fast && /usr/bin/gmake  -f CMakeFiles/cmTC_3b841.dir/build.make CMakeFiles/cmTC_3b841.dir/build
gmake[1]: Entering directory '/root/apple-libtapi/build/CMakeFiles/CMakeTmp'
Building CXX object CMakeFiles/cmTC_3b841.dir/src.cxx.o
/usr/bin/c++   -I /root/apple-libtapi/build/../src/llvm/projects/clang/include -I /root/apple-libtapi/build/projects/clang/include -fPIC -fvisibility-inlines-hidden -Werror=date-time -std=c++11 -Wall -Wextra -Wno-unused-parameter -Wwrite-strings -Wcast-qual -Wno-missing-field-initializers -pedantic -Wno-long-long -Wimplicit-fallthrough -DCXX_SUPPORTS_COVERED_SWITCH_DEFAULT_FLAG   -Werror -Wcovered-switch-default -o CMakeFiles/cmTC_3b841.dir/src.cxx.o -c /root/apple-libtapi/build/CMakeFiles/CMakeTmp/src.cxx
c++: error: unrecognized command-line option '-Wcovered-switch-default'; did you mean '-Wno-switch-default'?
gmake[1]: *** [CMakeFiles/cmTC_3b841.dir/build.make:85: CMakeFiles/cmTC_3b841.dir/src.cxx.o] Error 1
gmake[1]: Leaving directory '/root/apple-libtapi/build/CMakeFiles/CMakeTmp'
gmake: *** [Makefile:140: cmTC_3b841/fast] Error 2


Source file was:
int main() { return 0; }
Performing C SOURCE FILE Test C_SUPPORTS_DELETE_NON_VIRTUAL_DTOR_FLAG failed with the following output:
Change Dir: /root/apple-libtapi/build/CMakeFiles/CMakeTmp

Run Build Command(s):/usr/bin/gmake cmTC_0cb86/fast && /usr/bin/gmake  -f CMakeFiles/cmTC_0cb86.dir/build.make CMakeFiles/cmTC_0cb86.dir/build
gmake[1]: Entering directory '/root/apple-libtapi/build/CMakeFiles/CMakeTmp'
Building C object CMakeFiles/cmTC_0cb86.dir/src.c.o
/usr/bin/cc   -fPIC -Werror=date-time -Wall -Wextra -Wno-unused-parameter -Wwrite-strings -Wno-missing-field-initializers -pedantic -Wno-long-long -Wimplicit-fallthrough -DC_SUPPORTS_DELETE_NON_VIRTUAL_DTOR_FLAG   -Werror -Wdelete-non-virtual-dtor -o CMakeFiles/cmTC_0cb86.dir/src.c.o -c /root/apple-libtapi/build/CMakeFiles/CMakeTmp/src.c
cc1: error: command-line option '-Wdelete-non-virtual-dtor' is valid for C++/ObjC++ but not for C [-Werror]
cc1: all warnings being treated as errors
gmake[1]: *** [CMakeFiles/cmTC_0cb86.dir/build.make:85: CMakeFiles/cmTC_0cb86.dir/src.c.o] Error 1
gmake[1]: Leaving directory '/root/apple-libtapi/build/CMakeFiles/CMakeTmp'
gmake: *** [Makefile:140: cmTC_0cb86/fast] Error 2


Source file was:
int main(void) { return 0; }
Performing C SOURCE FILE Test C_WCOMMENT_ALLOWS_LINE_WRAP failed with the following output:
Change Dir: /root/apple-libtapi/build/CMakeFiles/CMakeTmp

Run Build Command(s):/usr/bin/gmake cmTC_6c68a/fast && /usr/bin/gmake  -f CMakeFiles/cmTC_6c68a.dir/build.make CMakeFiles/cmTC_6c68a.dir/build
gmake[1]: Entering directory '/root/apple-libtapi/build/CMakeFiles/CMakeTmp'
Building C object CMakeFiles/cmTC_6c68a.dir/src.c.o
/usr/bin/cc -D_GNU_SOURCE  -fPIC -Werror=date-time -Wall -Wextra -Wno-unused-parameter -Wwrite-strings -Wno-missing-field-initializers -pedantic -Wno-long-long -Wimplicit-fallthrough -DC_WCOMMENT_ALLOWS_LINE_WRAP  -Werror -Wcomment -o CMakeFiles/cmTC_6c68a.dir/src.c.o -c /root/apple-libtapi/build/CMakeFiles/CMakeTmp/src.c
/root/apple-libtapi/build/CMakeFiles/CMakeTmp/src.c:1:1: error: multi-line comment [-Werror=comment]
    1 | // \
      | ^
cc1: all warnings being treated as errors
gmake[1]: *** [CMakeFiles/cmTC_6c68a.dir/build.make:85: CMakeFiles/cmTC_6c68a.dir/src.c.o] Error 1
gmake[1]: Leaving directory '/root/apple-libtapi/build/CMakeFiles/CMakeTmp'
gmake: *** [Makefile:140: cmTC_6c68a/fast] Error 2


Source file was:
// \
//
int main() {return 0;}
Performing C SOURCE FILE Test C_SUPPORTS_STRING_CONVERSION_FLAG failed with the following output:
Change Dir: /root/apple-libtapi/build/CMakeFiles/CMakeTmp

Run Build Command(s):/usr/bin/gmake cmTC_cc70f/fast && /usr/bin/gmake  -f CMakeFiles/cmTC_cc70f.dir/build.make CMakeFiles/cmTC_cc70f.dir/build
gmake[1]: Entering directory '/root/apple-libtapi/build/CMakeFiles/CMakeTmp'
Building C object CMakeFiles/cmTC_cc70f.dir/src.c.o
/usr/bin/cc   -fPIC -Werror=date-time -Wall -Wextra -Wno-unused-parameter -Wwrite-strings -Wno-missing-field-initializers -pedantic -Wno-long-long -Wimplicit-fallthrough -Wno-comment -DC_SUPPORTS_STRING_CONVERSION_FLAG   -Werror -Wstring-conversion -o CMakeFiles/cmTC_cc70f.dir/src.c.o -c /root/apple-libtapi/build/CMakeFiles/CMakeTmp/src.c
cc: error: unrecognized command-line option '-Wstring-conversion'; did you mean '-Wsign-conversion'?
gmake[1]: *** [CMakeFiles/cmTC_cc70f.dir/build.make:85: CMakeFiles/cmTC_cc70f.dir/src.c.o] Error 1
gmake[1]: Leaving directory '/root/apple-libtapi/build/CMakeFiles/CMakeTmp'
gmake: *** [Makefile:140: cmTC_cc70f/fast] Error 2


Source file was:
int main(void) { return 0; }
Performing C++ SOURCE FILE Test CXX_SUPPORTS_STRING_CONVERSION_FLAG failed with the following output:
Change Dir: /root/apple-libtapi/build/CMakeFiles/CMakeTmp

Run Build Command(s):/usr/bin/gmake cmTC_ddb89/fast && /usr/bin/gmake  -f CMakeFiles/cmTC_ddb89.dir/build.make CMakeFiles/cmTC_ddb89.dir/build
gmake[1]: Entering directory '/root/apple-libtapi/build/CMakeFiles/CMakeTmp'
Building CXX object CMakeFiles/cmTC_ddb89.dir/src.cxx.o
/usr/bin/c++   -I /root/apple-libtapi/build/../src/llvm/projects/clang/include -I /root/apple-libtapi/build/projects/clang/include -fPIC -fvisibility-inlines-hidden -Werror=date-time -std=c++11 -Wall -Wextra -Wno-unused-parameter -Wwrite-strings -Wcast-qual -Wno-missing-field-initializers -pedantic -Wno-long-long -Wimplicit-fallthrough -Wno-maybe-uninitialized -Wno-class-memaccess -Wno-noexcept-type -Wdelete-non-virtual-dtor -Wno-comment -DCXX_SUPPORTS_STRING_CONVERSION_FLAG   -Werror -Wstring-conversion -o CMakeFiles/cmTC_ddb89.dir/src.cxx.o -c /root/apple-libtapi/build/CMakeFiles/CMakeTmp/src.cxx
c++: error: unrecognized command-line option '-Wstring-conversion'; did you mean '-Wsign-conversion'?
gmake[1]: *** [CMakeFiles/cmTC_ddb89.dir/build.make:85: CMakeFiles/cmTC_ddb89.dir/src.cxx.o] Error 1
gmake[1]: Leaving directory '/root/apple-libtapi/build/CMakeFiles/CMakeTmp'
gmake: *** [Makefile:140: cmTC_ddb89/fast] Error 2


Source file was:
int main() { return 0; }
Performing C++ SOURCE FILE Test CXX_SUPPORTS_NO_NESTED_ANON_TYPES_FLAG failed with the following output:
Change Dir: /root/apple-libtapi/build/CMakeFiles/CMakeTmp

Run Build Command(s):/usr/bin/gmake cmTC_2b9ca/fast && /usr/bin/gmake  -f CMakeFiles/cmTC_2b9ca.dir/build.make CMakeFiles/cmTC_2b9ca.dir/build
gmake[1]: Entering directory '/root/apple-libtapi/build/CMakeFiles/CMakeTmp'
Building CXX object CMakeFiles/cmTC_2b9ca.dir/src.cxx.o
/usr/bin/c++   -I /root/apple-libtapi/build/../src/llvm/projects/clang/include -I /root/apple-libtapi/build/projects/clang/include -fPIC -fvisibility-inlines-hidden -Werror=date-time -std=c++11 -Wall -Wextra -Wno-unused-parameter -Wwrite-strings -Wcast-qual -Wno-missing-field-initializers -pedantic -Wno-long-long -Wimplicit-fallthrough -Wno-maybe-uninitialized -Wno-class-memaccess -Wno-noexcept-type -Wdelete-non-virtual-dtor -Wno-comment -ffunction-sections -fdata-sections -fno-common -Woverloaded-virtual -fno-strict-aliasing -DCXX_SUPPORTS_NO_NESTED_ANON_TYPES_FLAG   -Werror -Wnested-anon-types -o CMakeFiles/cmTC_2b9ca.dir/src.cxx.o -c /root/apple-libtapi/build/CMakeFiles/CMakeTmp/src.cxx
c++: error: unrecognized command-line option '-Wnested-anon-types'
gmake[1]: *** [CMakeFiles/cmTC_2b9ca.dir/build.make:85: CMakeFiles/cmTC_2b9ca.dir/src.cxx.o] Error 1
gmake[1]: Leaving directory '/root/apple-libtapi/build/CMakeFiles/CMakeTmp'
gmake: *** [Makefile:140: cmTC_2b9ca/fast] Error 2


Source file was:
int main() { return 0; }
Performing C++ SOURCE FILE Test LINKER_SUPPORTS_NO_INITS failed with the following output:
Change Dir: /root/apple-libtapi/build/CMakeFiles/CMakeTmp

Run Build Command(s):/usr/bin/gmake cmTC_5d2ed/fast && /usr/bin/gmake  -f CMakeFiles/cmTC_5d2ed.dir/build.make CMakeFiles/cmTC_5d2ed.dir/build
gmake[1]: Entering directory '/root/apple-libtapi/build/CMakeFiles/CMakeTmp'
Building CXX object CMakeFiles/cmTC_5d2ed.dir/src.cxx.o
/usr/bin/c++   -I /root/apple-libtapi/build/../src/llvm/projects/clang/include -I /root/apple-libtapi/build/projects/clang/include -fPIC -fvisibility-inlines-hidden -Werror=date-time -std=c++11 -Wall -Wextra -Wno-unused-parameter -Wwrite-strings -Wcast-qual -Wno-missing-field-initializers -pedantic -Wno-long-long -Wimplicit-fallthrough -Wno-maybe-uninitialized -Wno-class-memaccess -Wno-noexcept-type -Wdelete-non-virtual-dtor -Wno-comment -ffunction-sections -fdata-sections -DLINKER_SUPPORTS_NO_INITS -o CMakeFiles/cmTC_5d2ed.dir/src.cxx.o -c /root/apple-libtapi/build/CMakeFiles/CMakeTmp/src.cxx
Linking CXX executable cmTC_5d2ed
/usr/bin/cmake -E cmake_link_script CMakeFiles/cmTC_5d2ed.dir/link.txt --verbose=1
/usr/bin/c++ -I /root/apple-libtapi/build/../src/llvm/projects/clang/include -I /root/apple-libtapi/build/projects/clang/include -fPIC -fvisibility-inlines-hidden -Werror=date-time -std=c++11 -Wall -Wextra -Wno-unused-parameter -Wwrite-strings -Wcast-qual -Wno-missing-field-initializers -pedantic -Wno-long-long -Wimplicit-fallthrough -Wno-maybe-uninitialized -Wno-class-memaccess -Wno-noexcept-type -Wdelete-non-virtual-dtor -Wno-comment -ffunction-sections -fdata-sections -DLINKER_SUPPORTS_NO_INITS  -Wl,-allow-shlib-undefined -Wl,-no_inits  CMakeFiles/cmTC_5d2ed.dir/src.cxx.o -o cmTC_5d2ed  -lm 
/usr/bin/ld: cannot find -lgcc_s
/usr/bin/ld: cannot find -lgcc_s
collect2: error: ld returned 1 exit status
gmake[1]: *** [CMakeFiles/cmTC_5d2ed.dir/build.make:106: cmTC_5d2ed] Error 1
gmake[1]: Leaving directory '/root/apple-libtapi/build/CMakeFiles/CMakeTmp'
gmake: *** [Makefile:140: cmTC_5d2ed/fast] Error 2


Source file was:
int main() { return 0; }
Performing C++ SOURCE FILE Test LINKER_SUPPORTS_IOSMAC failed with the following output:
Change Dir: /root/apple-libtapi/build/CMakeFiles/CMakeTmp

Run Build Command(s):/usr/bin/gmake cmTC_53104/fast && /usr/bin/gmake  -f CMakeFiles/cmTC_53104.dir/build.make CMakeFiles/cmTC_53104.dir/build
gmake[1]: Entering directory '/root/apple-libtapi/build/CMakeFiles/CMakeTmp'
Building CXX object CMakeFiles/cmTC_53104.dir/src.cxx.o
/usr/bin/c++   -I /root/apple-libtapi/build/../src/llvm/projects/clang/include -I /root/apple-libtapi/build/projects/clang/include -fPIC -fvisibility-inlines-hidden -Werror=date-time -std=c++11 -Wall -Wextra -Wno-unused-parameter -Wwrite-strings -Wcast-qual -Wno-missing-field-initializers -pedantic -Wno-long-long -Wimplicit-fallthrough -Wno-maybe-uninitialized -Wno-class-memaccess -Wno-noexcept-type -Wdelete-non-virtual-dtor -Wno-comment -ffunction-sections -fdata-sections -DLINKER_SUPPORTS_IOSMAC -o CMakeFiles/cmTC_53104.dir/src.cxx.o -c /root/apple-libtapi/build/CMakeFiles/CMakeTmp/src.cxx
Linking CXX executable cmTC_53104
/usr/bin/cmake -E cmake_link_script CMakeFiles/cmTC_53104.dir/link.txt --verbose=1
/usr/bin/c++ -I /root/apple-libtapi/build/../src/llvm/projects/clang/include -I /root/apple-libtapi/build/projects/clang/include -fPIC -fvisibility-inlines-hidden -Werror=date-time -std=c++11 -Wall -Wextra -Wno-unused-parameter -Wwrite-strings -Wcast-qual -Wno-missing-field-initializers -pedantic -Wno-long-long -Wimplicit-fallthrough -Wno-maybe-uninitialized -Wno-class-memaccess -Wno-noexcept-type -Wdelete-non-virtual-dtor -Wno-comment -ffunction-sections -fdata-sections -DLINKER_SUPPORTS_IOSMAC  -Wl,-allow-shlib-undefined -Wl,-iosmac_version_min,12.0  CMakeFiles/cmTC_53104.dir/src.cxx.o -o cmTC_53104  -lm 
/usr/bin/ld: unrecognised option: -iosmac_version_min
collect2: error: ld returned 1 exit status
gmake[1]: *** [CMakeFiles/cmTC_53104.dir/build.make:106: cmTC_53104] Error 1
gmake[1]: Leaving directory '/root/apple-libtapi/build/CMakeFiles/CMakeTmp'
gmake: *** [Makefile:140: cmTC_53104/fast] Error 2


Source file was:
int main() { return 0; }
Performing C SOURCE FILE Test SDK_SUPPORTS_I386 failed with the following output:
Change Dir: /root/apple-libtapi/build/CMakeFiles/CMakeTmp

Run Build Command(s):/usr/bin/gmake cmTC_8f532/fast && /usr/bin/gmake  -f CMakeFiles/cmTC_8f532.dir/build.make CMakeFiles/cmTC_8f532.dir/build
gmake[1]: Entering directory '/root/apple-libtapi/build/CMakeFiles/CMakeTmp'
Building C object CMakeFiles/cmTC_8f532.dir/src.c.o
/usr/bin/cc   -fPIC -Werror=date-time -Wall -Wextra -Wno-unused-parameter -Wwrite-strings -Wno-missing-field-initializers -pedantic -Wno-long-long -Wimplicit-fallthrough -Wno-comment -ffunction-sections -fdata-sections -DSDK_SUPPORTS_I386 -arch i386 -o CMakeFiles/cmTC_8f532.dir/src.c.o -c /root/apple-libtapi/build/CMakeFiles/CMakeTmp/src.c
cc: error: i386: No such file or directory
cc: error: unrecognized command-line option '-arch'
gmake[1]: *** [CMakeFiles/cmTC_8f532.dir/build.make:85: CMakeFiles/cmTC_8f532.dir/src.c.o] Error 1
gmake[1]: Leaving directory '/root/apple-libtapi/build/CMakeFiles/CMakeTmp'
gmake: *** [Makefile:140: cmTC_8f532/fast] Error 2


Source file was:
int main(void) { return 0; }
Performing C++ SOURCE FILE Test HAVE_CXX_FLAG_WSHORTEN_64_TO_32 failed with the following output:
Change Dir: /root/apple-libtapi/build/CMakeFiles/CMakeTmp

Run Build Command(s):/usr/bin/gmake cmTC_95a7b/fast && /usr/bin/gmake  -f CMakeFiles/cmTC_95a7b.dir/build.make CMakeFiles/cmTC_95a7b.dir/build
gmake[1]: Entering directory '/root/apple-libtapi/build/CMakeFiles/CMakeTmp'
Building CXX object CMakeFiles/cmTC_95a7b.dir/src.cxx.o
/usr/bin/c++   -I /root/apple-libtapi/build/../src/llvm/projects/clang/include -I /root/apple-libtapi/build/projects/clang/include -fPIC -fvisibility-inlines-hidden -Werror=date-time -std=c++11 -Wall -Wextra -Wno-unused-parameter -Wwrite-strings -Wcast-qual -Wno-missing-field-initializers -pedantic -Wno-long-long -Wimplicit-fallthrough -Wno-maybe-uninitialized -Wno-class-memaccess -Wno-noexcept-type -Wdelete-non-virtual-dtor -Wno-comment -ffunction-sections -fdata-sections  -std=c++11  -Wall  -Wextra  -Wshadow  -pedantic  -pedantic-errors -DHAVE_CXX_FLAG_WSHORTEN_64_TO_32  -Wshorten-64-to-32   -Wshorten-64-to-32 -o CMakeFiles/cmTC_95a7b.dir/src.cxx.o -c /root/apple-libtapi/build/CMakeFiles/CMakeTmp/src.cxx
c++: error: unrecognized command-line option '-Wshorten-64-to-32'
c++: error: unrecognized command-line option '-Wshorten-64-to-32'
gmake[1]: *** [CMakeFiles/cmTC_95a7b.dir/build.make:85: CMakeFiles/cmTC_95a7b.dir/src.cxx.o] Error 1
gmake[1]: Leaving directory '/root/apple-libtapi/build/CMakeFiles/CMakeTmp'
gmake: *** [Makefile:140: cmTC_95a7b/fast] Error 2


Source file was:
int main() { return 0; }
Performing C++ SOURCE FILE Test HAVE_CXX_FLAG_WD654 failed with the following output:
Change Dir: /root/apple-libtapi/build/CMakeFiles/CMakeTmp

Run Build Command(s):/usr/bin/gmake cmTC_05a3a/fast && /usr/bin/gmake  -f CMakeFiles/cmTC_05a3a.dir/build.make CMakeFiles/cmTC_05a3a.dir/build
gmake[1]: Entering directory '/root/apple-libtapi/build/CMakeFiles/CMakeTmp'
Building CXX object CMakeFiles/cmTC_05a3a.dir/src.cxx.o
/usr/bin/c++   -I /root/apple-libtapi/build/../src/llvm/projects/clang/include -I /root/apple-libtapi/build/projects/clang/include -fPIC -fvisibility-inlines-hidden -Werror=date-time -std=c++11 -Wall -Wextra -Wno-unused-parameter -Wwrite-strings -Wcast-qual -Wno-missing-field-initializers -pedantic -Wno-long-long -Wimplicit-fallthrough -Wno-maybe-uninitialized -Wno-class-memaccess -Wno-noexcept-type -Wdelete-non-virtual-dtor -Wno-comment -ffunction-sections -fdata-sections  -std=c++11  -Wall  -Wextra  -Wshadow  -pedantic  -pedantic-errors  -Wfloat-equal  -fstrict-aliasing  -fno-exceptions  -Wstrict-aliasing -DHAVE_CXX_FLAG_WD654  -wd654   -wd654 -o CMakeFiles/cmTC_05a3a.dir/src.cxx.o -c /root/apple-libtapi/build/CMakeFiles/CMakeTmp/src.cxx
c++: error: unrecognized command-line option '-wd654'
c++: error: unrecognized command-line option '-wd654'
gmake[1]: *** [CMakeFiles/cmTC_05a3a.dir/build.make:85: CMakeFiles/cmTC_05a3a.dir/src.cxx.o] Error 1
gmake[1]: Leaving directory '/root/apple-libtapi/build/CMakeFiles/CMakeTmp'
gmake: *** [Makefile:140: cmTC_05a3a/fast] Error 2


Source file was:
int main() { return 0; }
Performing C++ SOURCE FILE Test HAVE_CXX_FLAG_WTHREAD_SAFETY failed with the following output:
Change Dir: /root/apple-libtapi/build/CMakeFiles/CMakeTmp

Run Build Command(s):/usr/bin/gmake cmTC_90979/fast && /usr/bin/gmake  -f CMakeFiles/cmTC_90979.dir/build.make CMakeFiles/cmTC_90979.dir/build
gmake[1]: Entering directory '/root/apple-libtapi/build/CMakeFiles/CMakeTmp'
Building CXX object CMakeFiles/cmTC_90979.dir/src.cxx.o
/usr/bin/c++   -I /root/apple-libtapi/build/../src/llvm/projects/clang/include -I /root/apple-libtapi/build/projects/clang/include -fPIC -fvisibility-inlines-hidden -Werror=date-time -std=c++11 -Wall -Wextra -Wno-unused-parameter -Wwrite-strings -Wcast-qual -Wno-missing-field-initializers -pedantic -Wno-long-long -Wimplicit-fallthrough -Wno-maybe-uninitialized -Wno-class-memaccess -Wno-noexcept-type -Wdelete-non-virtual-dtor -Wno-comment -ffunction-sections -fdata-sections  -std=c++11  -Wall  -Wextra  -Wshadow  -pedantic  -pedantic-errors  -Wfloat-equal  -fstrict-aliasing  -fno-exceptions  -Wstrict-aliasing -DHAVE_CXX_FLAG_WTHREAD_SAFETY  -Wthread-safety   -Wthread-safety -o CMakeFiles/cmTC_90979.dir/src.cxx.o -c /root/apple-libtapi/build/CMakeFiles/CMakeTmp/src.cxx
c++: error: unrecognized command-line option '-Wthread-safety'
c++: error: unrecognized command-line option '-Wthread-safety'
gmake[1]: *** [CMakeFiles/cmTC_90979.dir/build.make:85: CMakeFiles/cmTC_90979.dir/src.cxx.o] Error 1
gmake[1]: Leaving directory '/root/apple-libtapi/build/CMakeFiles/CMakeTmp'
gmake: *** [Makefile:140: cmTC_90979/fast] Error 2


Source file was:
int main() { return 0; }
